<?xml version="1.0" encoding="UTF-8"?>
<testng-results ignored="0" total="1" passed="1" failed="0" skipped="0">
  <reporter-output>
  </reporter-output>
  <suite started-at="2025-02-18T22:32:16 IST" name="Default suite" finished-at="2025-02-18T22:32:23 IST" duration-ms="6975">
    <groups>
      <group name="cucumber">
        <method signature="AbstractTestNGCucumberTests.runScenario(io.cucumber.testng.PickleWrapper,io.cucumber.testng.FeatureWrapper)[pri:0, instance:automation.framework.runner.testRunner@4d1c00d0]" name="runScenario" class="io.cucumber.testng.AbstractTestNGCucumberTests"/>
      </group> <!-- cucumber -->
    </groups>
    <test started-at="2025-02-18T22:32:16 IST" name="Default test" finished-at="2025-02-18T22:32:23 IST" duration-ms="6975">
      <class name="automation.framework.runner.testRunner">
        <test-method is-config="true" signature="setUpClass(org.testng.ITestContext)[pri:0, instance:automation.framework.runner.testRunner@4d1c00d0]" started-at="2025-02-18T22:32:16 IST" name="setUpClass" finished-at="2025-02-18T22:32:17 IST" duration-ms="1074" status="PASS">
          <params>
            <param index="0">
              <value>
                <![CDATA[org.testng.TestRunner@4726927c]]>
              </value>
            </param>
          </params>
          <reporter-output>
          </reporter-output>
        </test-method> <!-- setUpClass -->
        <test-method signature="runScenario(io.cucumber.testng.PickleWrapper,io.cucumber.testng.FeatureWrapper)[pri:0, instance:automation.framework.runner.testRunner@4d1c00d0]" started-at="2025-02-18T22:32:17 IST" name="runScenario" description="Runs Cucumber Scenarios" data-provider="scenarios" finished-at="2025-02-18T22:32:23 IST" duration-ms="5774" status="PASS">
          <params>
            <param index="0">
              <value>
                <![CDATA["Product selection and add to cart"]]>
              </value>
            </param>
            <param index="1">
              <value>
                <![CDATA["Select product from Ecommerce website"]]>
              </value>
            </param>
          </params>
          <reporter-output>
          </reporter-output>
        </test-method> <!-- runScenario -->
        <test-method is-config="true" signature="tearDownClass()[pri:0, instance:automation.framework.runner.testRunner@4d1c00d0]" started-at="2025-02-18T22:32:23 IST" name="tearDownClass" finished-at="2025-02-18T22:32:23 IST" duration-ms="47" status="PASS">
          <reporter-output>
          </reporter-output>
        </test-method> <!-- tearDownClass -->
      </class> <!-- automation.framework.runner.testRunner -->
    </test> <!-- Default test -->
  </suite> <!-- Default suite -->
</testng-results>
